Determining if the pthread_create exist failed with the following output:
Change Dir: /home/liminghui/OccupanyMappingProject/build/CMakeFiles/CMakeTmp

Run Build Command:"/usr/bin/make" "cmTC_6733f/fast"
/usr/bin/make -f CMakeFiles/cmTC_6733f.dir/build.make CMakeFiles/cmTC_6733f.dir/build
make[1]: Entering directory '/home/liminghui/OccupanyMappingProject/build/CMakeFiles/CMakeTmp'
Building C object CMakeFiles/cmTC_6733f.dir/CheckSymbolExists.c.o
/usr/bin/cc     -o CMakeFiles/cmTC_6733f.dir/CheckSymbolExists.c.o   -c /home/liminghui/OccupanyMappingProject/build/CMakeFiles/CMakeTmp/CheckSymbolExists.c
Linking C executable cmTC_6733f
/usr/bin/cmake -E cmake_link_script CMakeFiles/cmTC_6733f.dir/link.txt --verbose=1
/usr/bin/cc       CMakeFiles/cmTC_6733f.dir/CheckSymbolExists.c.o  -o cmTC_6733f -rdynamic 
CMakeFiles/cmTC_6733f.dir/CheckSymbolExists.c.o: In function `main':
CheckSymbolExists.c:(.text+0x16): undefined reference to `pthread_create'
collect2: error: ld returned 1 exit status
CMakeFiles/cmTC_6733f.dir/build.make:97: recipe for target 'cmTC_6733f' failed
make[1]: *** [cmTC_6733f] Error 1
make[1]: Leaving directory '/home/liminghui/OccupanyMappingProject/build/CMakeFiles/CMakeTmp'
Makefile:126: recipe for target 'cmTC_6733f/fast' failed
make: *** [cmTC_6733f/fast] Error 2

File /home/liminghui/OccupanyMappingProject/build/CMakeFiles/CMakeTmp/CheckSymbolExists.c:
/* */
#include <pthread.h>

int main(int argc, char** argv)
{
  (void)argv;
#ifndef pthread_create
  return ((int*)(&pthread_create))[argc];
#else
  (void)argc;
  return 0;
#endif
}

Determining if the function pthread_create exists in the pthreads failed with the following output:
Change Dir: /home/liminghui/OccupanyMappingProject/build/CMakeFiles/CMakeTmp

Run Build Command:"/usr/bin/make" "cmTC_319cf/fast"
/usr/bin/make -f CMakeFiles/cmTC_319cf.dir/build.make CMakeFiles/cmTC_319cf.dir/build
make[1]: Entering directory '/home/liminghui/OccupanyMappingProject/build/CMakeFiles/CMakeTmp'
Building C object CMakeFiles/cmTC_319cf.dir/CheckFunctionExists.c.o
/usr/bin/cc    -DCHECK_FUNCTION_EXISTS=pthread_create   -o CMakeFiles/cmTC_319cf.dir/CheckFunctionExists.c.o   -c /usr/share/cmake-3.5/Modules/CheckFunctionExists.c
Linking C executable cmTC_319cf
/usr/bin/cmake -E cmake_link_script CMakeFiles/cmTC_319cf.dir/link.txt --verbose=1
/usr/bin/cc   -DCHECK_FUNCTION_EXISTS=pthread_create    CMakeFiles/cmTC_319cf.dir/CheckFunctionExists.c.o  -o cmTC_319cf -rdynamic -lpthreads 
/usr/bin/ld: cannot find -lpthreads
collect2: error: ld returned 1 exit status
CMakeFiles/cmTC_319cf.dir/build.make:97: recipe for target 'cmTC_319cf' failed
make[1]: *** [cmTC_319cf] Error 1
make[1]: Leaving directory '/home/liminghui/OccupanyMappingProject/build/CMakeFiles/CMakeTmp'
Makefile:126: recipe for target 'cmTC_319cf/fast' failed
make: *** [cmTC_319cf/fast] Error 2


